Start testing: Jul 09 16:27 CEST
----------------------------------------------------------
1/2 Testing: unit_tests
1/2 Test: unit_tests
Command: "/home/pbhatt09/test/practice/embeddedSensorSystem/build/Tests_e"
Directory: /home/pbhatt09/test/practice/embeddedSensorSystem/build
"unit_tests" start time: Jul 09 16:27 CEST
Output:
----------------------------------------------------------
===============================================================================
All tests passed (61 assertions in 11 test cases)

<end of output>
Test time =   0.00 sec
----------------------------------------------------------
Test Passed.
"unit_tests" end time: Jul 09 16:27 CEST
"unit_tests" time elapsed: 00:00:00
----------------------------------------------------------

2/2 Testing: cmdenc_tests
2/2 Test: cmdenc_tests
Command: "/home/pbhatt09/test/practice/embeddedSensorSystem/build/CmdEncTests_e"
Directory: /home/pbhatt09/test/practice/embeddedSensorSystem/build
"cmdenc_tests" start time: Jul 09 16:27 CEST
Output:
----------------------------------------------------------
===============================================================================
All tests passed (6 assertions in 3 test cases)

<end of output>
Test time =   0.00 sec
----------------------------------------------------------
Test Passed.
"cmdenc_tests" end time: Jul 09 16:27 CEST
"cmdenc_tests" time elapsed: 00:00:00
----------------------------------------------------------

End testing: Jul 09 16:27 CEST
